  komppl-win.cpp
D:\source\labs\Lab-Compiler\komppl\komppl-win.cpp(633,3): error C4996: 'strcpy': This function or variable may be unsafe. Consider using strcpy_s instead. To disable deprecation, use _CRT_SECURE_NO_WARNINGS. See online help for details.
D:\source\labs\Lab-Compiler\komppl\komppl-win.cpp(643,3): error C4996: 'strcpy': This function or variable may be unsafe. Consider using strcpy_s instead. To disable deprecation, use _CRT_SECURE_NO_WARNINGS. See online help for details.
D:\source\labs\Lab-Compiler\komppl\komppl-win.cpp(684,1): warning C4102: “L1”: 未引用的标签
D:\source\labs\Lab-Compiler\komppl\komppl-win.cpp(718,1): warning C4102: “L4”: 未引用的标签
D:\source\labs\Lab-Compiler\komppl\komppl-win.cpp(728,5): warning C4102: “L5”: 未引用的标签
D:\source\labs\Lab-Compiler\komppl\komppl-win.cpp(1011,3): error C4996: 'strcpy': This function or variable may be unsafe. Consider using strcpy_s instead. To disable deprecation, use _CRT_SECURE_NO_WARNINGS. See online help for details.
D:\source\labs\Lab-Compiler\komppl\komppl-win.cpp(1012,3): error C4996: 'strcpy': This function or variable may be unsafe. Consider using strcpy_s instead. To disable deprecation, use _CRT_SECURE_NO_WARNINGS. See online help for details.
D:\source\labs\Lab-Compiler\komppl\komppl-win.cpp(1036,5): error C4996: 'strcpy': This function or variable may be unsafe. Consider using strcpy_s instead. To disable deprecation, use _CRT_SECURE_NO_WARNINGS. See online help for details.
D:\source\labs\Lab-Compiler\komppl\komppl-win.cpp(1039,5): error C4996: 'strcpy': This function or variable may be unsafe. Consider using strcpy_s instead. To disable deprecation, use _CRT_SECURE_NO_WARNINGS. See online help for details.
D:\source\labs\Lab-Compiler\komppl\komppl-win.cpp(1099,3): error C4996: 'strcpy': This function or variable may be unsafe. Consider using strcpy_s instead. To disable deprecation, use _CRT_SECURE_NO_WARNINGS. See online help for details.
D:\source\labs\Lab-Compiler\komppl\komppl-win.cpp(1200,11): error C4996: 'strcpy': This function or variable may be unsafe. Consider using strcpy_s instead. To disable deprecation, use _CRT_SECURE_NO_WARNINGS. See online help for details.
D:\source\labs\Lab-Compiler\komppl\komppl-win.cpp(1202,11): error C4996: 'strcat': This function or variable may be unsafe. Consider using strcat_s instead. To disable deprecation, use _CRT_SECURE_NO_WARNINGS. See online help for details.
D:\source\labs\Lab-Compiler\komppl\komppl-win.cpp(1276,11): error C4996: 'strcpy': This function or variable may be unsafe. Consider using strcpy_s instead. To disable deprecation, use _CRT_SECURE_NO_WARNINGS. See online help for details.
D:\source\labs\Lab-Compiler\komppl\komppl-win.cpp(1278,11): error C4996: 'strcat': This function or variable may be unsafe. Consider using strcat_s instead. To disable deprecation, use _CRT_SECURE_NO_WARNINGS. See online help for details.
D:\source\labs\Lab-Compiler\komppl\komppl-win.cpp(1459,9): error C4996: 'strcpy': This function or variable may be unsafe. Consider using strcpy_s instead. To disable deprecation, use _CRT_SECURE_NO_WARNINGS. See online help for details.
D:\source\labs\Lab-Compiler\komppl\komppl-win.cpp(1470,11): error C4996: 'strcpy': This function or variable may be unsafe. Consider using strcpy_s instead. To disable deprecation, use _CRT_SECURE_NO_WARNINGS. See online help for details.
D:\source\labs\Lab-Compiler\komppl\komppl-win.cpp(1474,11): error C4996: 'strcpy': This function or variable may be unsafe. Consider using strcpy_s instead. To disable deprecation, use _CRT_SECURE_NO_WARNINGS. See online help for details.
D:\source\labs\Lab-Compiler\komppl\komppl-win.cpp(1481,9): error C4996: 'strcat': This function or variable may be unsafe. Consider using strcat_s instead. To disable deprecation, use _CRT_SECURE_NO_WARNINGS. See online help for details.
D:\source\labs\Lab-Compiler\komppl\komppl-win.cpp(1481,43): error C4996: 'gcvt': The POSIX name for this item is deprecated. Instead, use the ISO C and C++ conformant name: _gcvt. See online help for details.
D:\source\labs\Lab-Compiler\komppl\komppl-win.cpp(1565,9): error C4996: 'strcpy': This function or variable may be unsafe. Consider using strcpy_s instead. To disable deprecation, use _CRT_SECURE_NO_WARNINGS. See online help for details.
D:\source\labs\Lab-Compiler\komppl\komppl-win.cpp(1568,9): error C4996: 'strcat': This function or variable may be unsafe. Consider using strcat_s instead. To disable deprecation, use _CRT_SECURE_NO_WARNINGS. See online help for details.
D:\source\labs\Lab-Compiler\komppl\komppl-win.cpp(1658,3): error C4996: 'strcat': This function or variable may be unsafe. Consider using strcat_s instead. To disable deprecation, use _CRT_SECURE_NO_WARNINGS. See online help for details.
D:\source\labs\Lab-Compiler\komppl\komppl-win.cpp(1660,13): error C4996: 'fopen': This function or variable may be unsafe. Consider using fopen_s instead. To disable deprecation, use _CRT_SECURE_NO_WARNINGS. See online help for details.
D:\source\labs\Lab-Compiler\komppl\komppl-win.cpp(1771,3): error C4996: 'strcpy': This function or variable may be unsafe. Consider using strcpy_s instead. To disable deprecation, use _CRT_SECURE_NO_WARNINGS. See online help for details.
D:\source\labs\Lab-Compiler\komppl\komppl-win.cpp(1795,15): error C4996: 'fopen': This function or variable may be unsafe. Consider using fopen_s instead. To disable deprecation, use _CRT_SECURE_NO_WARNINGS. See online help for details.
